2024-12-02 20:09:02,408 - Bangladesh Time - INFO - Script started at 2024-12-02 20:09:02 +06
2024-12-02 20:09:02,408 - Bangladesh Time - INFO - Fetching dm+d releases (item ID: 24)...
2024-12-02 20:09:02,408 - Bangladesh Time - INFO - Fetching releases from API
2024-12-02 20:09:03,518 - Bangladesh Time - INFO - 
Release Information:
2024-12-02 20:09:03,518 - Bangladesh Time - INFO - Release ID: N/A
2024-12-02 20:09:03,518 - Bangladesh Time - INFO - Release Date: 2024-12-02
2024-12-02 20:09:03,518 - Bangladesh Time - INFO - File Name: nhsbsa_dmd_12.0.0_20241202000001.zip
2024-12-02 20:09:03,518 - Bangladesh Time - INFO - Starting download: nhsbsa_dmd_12.0.0_20241202000001.zip
2024-12-02 20:10:44,427 - Bangladesh Time - INFO - Successfully downloaded downloads/nhsbsa_dmd_12.0.0_20241202000001.zip at 2024-12-02 20:10:44 +06
2024-12-02 20:10:44,427 - Bangladesh Time - INFO - Starting download: trud_nhsbsa_dmd_12.0.0_20241202000001.xml
2024-12-02 20:10:45,597 - Bangladesh Time - INFO - Successfully downloaded downloads/trud_nhsbsa_dmd_12.0.0_20241202000001.xml at 2024-12-02 20:10:45 +06
2024-12-02 20:10:45,597 - Bangladesh Time - INFO - All downloads completed successfully at 2024-12-02 20:10:45 +06
2024-12-02 20:11:15,813 - Bangladesh Time - INFO - Script started at 2024-12-02 20:11:15 +06
2024-12-02 20:11:15,813 - Bangladesh Time - INFO - Fetching dm+d releases (item ID: 24)...
2024-12-02 20:11:15,813 - Bangladesh Time - INFO - Fetching releases from API
2024-12-02 20:11:16,575 - Bangladesh Time - INFO - 
Release Information:
2024-12-02 20:11:16,576 - Bangladesh Time - INFO - Release ID: N/A
2024-12-02 20:11:16,576 - Bangladesh Time - INFO - Release Date: 2024-12-02
2024-12-02 20:11:16,576 - Bangladesh Time - INFO - File Name: nhsbsa_dmd_12.0.0_20241202000001.zip
2024-12-02 20:11:17,407 - Bangladesh Time - INFO - File nhsbsa_dmd_12.0.0_20241202000001.zip is already up to date. Skipping download.
2024-12-02 20:11:18,181 - Bangladesh Time - INFO - Starting download: trud_nhsbsa_dmd_12.0.0_20241202000001.xml
2024-12-02 20:11:18,948 - Bangladesh Time - INFO - Successfully downloaded downloads/trud_nhsbsa_dmd_12.0.0_20241202000001.xml at 2024-12-02 20:11:18 +06
2024-12-02 20:11:18,949 - Bangladesh Time - INFO - All downloads completed successfully at 2024-12-02 20:11:18 +06
